<?xml version="1.0" encoding="UTF-8"?>
<!-- Generated by org.testng.reporters.JUnitXMLReporter -->
<testsuite ignored="0" hostname="DESKTOP-S3FLF3O" failures="1" tests="1" name="Test" time="16.708" errors="0" timestamp="2025-01-20T11:04:43 IST">
  <testcase classname="TestCases.TC_002_LoginTest" name="getLoginWithApplication" time="11.371">
    <failure type="java.lang.AssertionError" message="expected [true] but found [false]">
      <![CDATA[java.lang.AssertionError: expected [true] but found [false]
at TestCases.TC_002_LoginTest.getLoginWithApplication(TC_002_LoginTest.java:35)
at java.base/java.util.ArrayList.forEach(ArrayList.java:1596)
... Removed 32 stack frames]]>
    </failure>
  </testcase> <!-- getLoginWithApplication -->
</testsuite> <!-- Test -->
