<?xml version="1.0" encoding="UTF-8"?>
<testng-results ignored="0" total="3" passed="3" failed="0" skipped="0">
  <reporter-output>
  </reporter-output>
  <suite started-at="2025-01-24T12:05:33 IST" name="Suite" finished-at="2025-01-24T12:05:41 IST" duration-ms="8022">
    <groups>
    </groups>
    <test started-at="2025-01-24T12:05:33 IST" name="Test" finished-at="2025-01-24T12:05:41 IST" duration-ms="8022">
      <class name="TestCases.TC_003_SearchFuctionality">
        <test-method is-config="true" signature="setUp(java.lang.String)[pri:0, instance:TestCases.TC_003_SearchFuctionality@4a891c97]" started-at="2025-01-24T12:05:33 IST" name="setUp" finished-at="2025-01-24T12:05:38 IST" duration-ms="5142" status="PASS">
          <params>
            <param index="0">
              <value>
                <![CDATA[chrome]]>
              </value>
            </param>
          </params>
          <reporter-output>
          </reporter-output>
        </test-method> <!-- setUp -->
        <test-method signature="getProductSearch()[pri:0, instance:TestCases.TC_003_SearchFuctionality@4a891c97]" started-at="2025-01-24T12:05:39 IST" name="getProductSearch" finished-at="2025-01-24T12:05:41 IST" duration-ms="2461" status="PASS">
          <reporter-output>
          </reporter-output>
        </test-method> <!-- getProductSearch -->
        <test-method is-config="true" signature="tearDown()[pri:0, instance:TestCases.TC_003_SearchFuctionality@4a891c97]" started-at="2025-01-24T12:05:41 IST" name="tearDown" finished-at="2025-01-24T12:05:41 IST" duration-ms="133" status="PASS">
          <reporter-output>
          </reporter-output>
        </test-method> <!-- tearDown -->
      </class> <!-- TestCases.TC_003_SearchFuctionality -->
    </test> <!-- Test -->
  </suite> <!-- Suite -->
  <suite started-at="2025-01-24T12:05:42 IST" name="Suite (0)" finished-at="2025-01-24T12:05:53 IST" duration-ms="11501">
    <groups>
      <group name="Sanity">
        <method signature="TC_001_RegistrationPage.getRegistered()[pri:0, instance:TestCases.TC_001_RegistrationPage@5f031ebd]" name="getRegistered" class="TestCases.TC_001_RegistrationPage"/>
        <method signature="TC_002_LoginTest.getLoginWithApplication()[pri:0, instance:TestCases.TC_002_LoginTest@4ee37ca3]" name="getLoginWithApplication" class="TestCases.TC_002_LoginTest"/>
      </group> <!-- Sanity -->
      <group name="Regression">
        <method signature="TC_001_RegistrationPage.getRegistered()[pri:0, instance:TestCases.TC_001_RegistrationPage@5f031ebd]" name="getRegistered" class="TestCases.TC_001_RegistrationPage"/>
      </group> <!-- Regression -->
    </groups>
    <test started-at="2025-01-24T12:05:42 IST" name="Test" finished-at="2025-01-24T12:05:53 IST" duration-ms="11501">
      <class name="TestCases.TC_001_RegistrationPage">
        <test-method is-config="true" signature="setUp(java.lang.String)[pri:0, instance:TestCases.TC_001_RegistrationPage@5f031ebd]" started-at="2025-01-24T12:05:42 IST" name="setUp" finished-at="2025-01-24T12:05:46 IST" duration-ms="4632" status="PASS">
          <params>
            <param index="0">
              <value>
                <![CDATA[chrome]]>
              </value>
            </param>
          </params>
          <reporter-output>
          </reporter-output>
        </test-method> <!-- setUp -->
        <test-method signature="getRegistered()[pri:0, instance:TestCases.TC_001_RegistrationPage@5f031ebd]" started-at="2025-01-24T12:05:47 IST" name="getRegistered" finished-at="2025-01-24T12:05:49 IST" duration-ms="2026" status="PASS">
          <reporter-output>
          </reporter-output>
        </test-method> <!-- getRegistered -->
        <test-method is-config="true" signature="tearDown()[pri:0, instance:TestCases.TC_001_RegistrationPage@5f031ebd]" started-at="2025-01-24T12:05:49 IST" name="tearDown" finished-at="2025-01-24T12:05:49 IST" duration-ms="118" status="PASS">
          <reporter-output>
          </reporter-output>
        </test-method> <!-- tearDown -->
      </class> <!-- TestCases.TC_001_RegistrationPage -->
      <class name="TestCases.TC_002_LoginTest">
        <test-method is-config="true" signature="setUp(java.lang.String)[pri:0, instance:TestCases.TC_002_LoginTest@4ee37ca3]" started-at="2025-01-24T12:05:49 IST" name="setUp" finished-at="2025-01-24T12:05:52 IST" duration-ms="3172" status="PASS">
          <params>
            <param index="0">
              <value>
                <![CDATA[chrome]]>
              </value>
            </param>
          </params>
          <reporter-output>
          </reporter-output>
        </test-method> <!-- setUp -->
        <test-method signature="getLoginWithApplication()[pri:0, instance:TestCases.TC_002_LoginTest@4ee37ca3]" started-at="2025-01-24T12:05:52 IST" name="getLoginWithApplication" finished-at="2025-01-24T12:05:53 IST" duration-ms="1428" status="PASS">
          <reporter-output>
          </reporter-output>
        </test-method> <!-- getLoginWithApplication -->
        <test-method is-config="true" signature="tearDown()[pri:0, instance:TestCases.TC_002_LoginTest@4ee37ca3]" started-at="2025-01-24T12:05:53 IST" name="tearDown" finished-at="2025-01-24T12:05:53 IST" duration-ms="109" status="PASS">
          <reporter-output>
          </reporter-output>
        </test-method> <!-- tearDown -->
      </class> <!-- TestCases.TC_002_LoginTest -->
    </test> <!-- Test -->
  </suite> <!-- Suite (0) -->
</testng-results>
